This file contains any messages produced by compilers while
running configure, to aid debugging if configure makes a mistake.

It was created by Xdelta3 configure 3.0.8, which was
generated by GNU Autoconf 2.69.  Invocation command line was

  $ ./configure 

## --------- ##
## Platform. ##
## --------- ##

hostname = mint-builder
uname -m = x86_64
uname -r = 3.13.0-37-generic
uname -s = Linux
uname -v = #64-Ubuntu SMP Mon Sep 22 21:28:38 UTC 2014

/usr/bin/uname -p = unknown
/bin/uname -X     = unknown

/bin/arch              = unknown
/usr/bin/arch -k       = unknown
/usr/convex/getsysinfo = unknown
/usr/bin/hostinfo      = unknown
/bin/machine           = unknown
/usr/bin/oslevel       = unknown
/bin/universe          = unknown

PATH: /usr/local/sbin
PATH: /usr/local/bin
PATH: /usr/sbin
PATH: /usr/bin
PATH: /sbin
PATH: /bin
PATH: /usr/games
PATH: /usr/local/games


## ----------- ##
## Core tests. ##
## ----------- ##

configure:2580: checking build system type
configure:2594: result: x86_64-unknown-linux-gnu
configure:2614: checking host system type
configure:2627: result: x86_64-unknown-linux-gnu
configure:2668: checking how to print strings
configure:2695: result: printf
configure:2764: checking for gcc
configure:2780: found /usr/bin/gcc
configure:2791: result: gcc
configure:3020: checking for C compiler version
configure:3029: gcc --version >&5
gcc (Ubuntu 4.8.2-19ubuntu1) 4.8.2
Copyright (C) 2013 Free Software Foundation, Inc.
This is free software; see the source for copying conditions.  There is NO
warranty; not even for MERCHANTABILITY or FITNESS FOR A PARTICULAR PURPOSE.

configure:3040: $? = 0
configure:3029: gcc -v >&5
Using built-in specs.
COLLECT_GCC=gcc
COLLECT_LTO_WRAPPER=/usr/lib/gcc/x86_64-linux-gnu/4.8/lto-wrapper
Target: x86_64-linux-gnu
Configured with: ../src/configure -v --with-pkgversion='Ubuntu 4.8.2-19ubuntu1' --with-bugurl=file:///usr/share/doc/gcc-4.8/README.Bugs --enable-languages=c,c++,java,go,d,fortran,objc,obj-c++ --prefix=/usr --program-suffix=-4.8 --enable-shared --enable-linker-build-id --libexecdir=/usr/lib --without-included-gettext --enable-threads=posix --with-gxx-include-dir=/usr/include/c++/4.8 --libdir=/usr/lib --enable-nls --with-sysroot=/ --enable-clocale=gnu --enable-libstdcxx-debug --enable-libstdcxx-time=yes --enable-gnu-unique-object --disable-libmudflap --enable-plugin --with-system-zlib --disable-browser-plugin --enable-java-awt=gtk --enable-gtk-cairo --with-java-home=/usr/lib/jvm/java-1.5.0-gcj-4.8-amd64/jre --enable-java-home --with-jvm-root-dir=/usr/lib/jvm/java-1.5.0-gcj-4.8-amd64 --with-jvm-jar-dir=/usr/lib/jvm-exports/java-1.5.0-gcj-4.8-amd64 --with-arch-directory=amd64 --with-ecj-jar=/usr/share/java/eclipse-ecj.jar --enable-objc-gc --enable-multiarch --disable-werror --with-arch-32=i686 --with-abi=m64 --with-multilib-list=m32,m64,mx32 --with-tune=generic --enable-checking=release --build=x86_64-linux-gnu --host=x86_64-linux-gnu --target=x86_64-linux-gnu
Thread model: posix
gcc version 4.8.2 (Ubuntu 4.8.2-19ubuntu1) 
configure:3040: $? = 0
configure:3029: gcc -V >&5
gcc: error: unrecognized command line option '-V'
gcc: fatal error: no input files
compilation terminated.
configure:3040: $? = 4
configure:3029: gcc -qversion >&5
gcc: error: unrecognized command line option '-qversion'
gcc: fatal error: no input files
compilation terminated.
configure:3040: $? = 4
configure:3060: checking whether the C compiler works
configure:3082: gcc    conftest.c  >&5
configure:3086: $? = 0
configure:3134: result: yes
configure:3137: checking for C compiler default output file name
configure:3139: result: a.out
configure:3145: checking for suffix of executables
configure:3152: gcc -o conftest    conftest.c  >&5
configure:3156: $? = 0
configure:3178: result: 
configure:3200: checking whether we are cross compiling
configure:3208: gcc -o conftest    conftest.c  >&5
configure:3212: $? = 0
configure:3219: ./conftest
configure:3223: $? = 0
configure:3238: result: no
configure:3243: checking for suffix of object files
configure:3265: gcc -c   conftest.c >&5
configure:3269: $? = 0
configure:3290: result: o
configure:3294: checking whether we are using the GNU C compiler
configure:3313: gcc -c   conftest.c >&5
configure:3313: $? = 0
configure:3322: result: yes
configure:3331: checking whether gcc accepts -g
configure:3351: gcc -c -g  conftest.c >&5
configure:3351: $? = 0
configure:3392: result: yes
configure:3409: checking for gcc option to accept ISO C89
configure:3472: gcc  -c -g -O2  conftest.c >&5
configure:3472: $? = 0
configure:3485: result: none needed
configure:3505: checking for a sed that does not truncate output
configure:3569: result: /bin/sed
configure:3587: checking for grep that handles long lines and -e
configure:3645: result: /bin/grep
configure:3650: checking for egrep
configure:3712: result: /bin/grep -E
configure:3717: checking for fgrep
configure:3779: result: /bin/grep -F
configure:3814: checking for ld used by gcc
configure:3881: result: /usr/bin/ld
configure:3888: checking if the linker (/usr/bin/ld) is GNU ld
configure:3903: result: yes
configure:3915: checking for BSD- or MS-compatible name lister (nm)
configure:3964: result: /usr/bin/nm -B
configure:4094: checking the name lister (/usr/bin/nm -B) interface
configure:4101: gcc -c -g -O2  conftest.c >&5
configure:4104: /usr/bin/nm -B "conftest.o"
configure:4107: output
0000000000000000 B some_variable
configure:4114: result: BSD nm
configure:4117: checking whether ln -s works
configure:4121: result: yes
configure:4129: checking the maximum length of command line arguments
configure:4259: result: 1572864
configure:4276: checking whether the shell understands some XSI constructs
configure:4286: result: yes
configure:4290: checking whether the shell understands "+="
configure:4296: result: yes
configure:4331: checking how to convert x86_64-unknown-linux-gnu file names to x86_64-unknown-linux-gnu format
configure:4371: result: func_convert_file_noop
configure:4378: checking how to convert x86_64-unknown-linux-gnu file names to toolchain format
configure:4398: result: func_convert_file_noop
configure:4405: checking for /usr/bin/ld option to reload object files
configure:4412: result: -r
configure:4486: checking for objdump
configure:4502: found /usr/bin/objdump
configure:4513: result: objdump
configure:4545: checking how to recognize dependent libraries
configure:4747: result: pass_all
configure:4832: checking for dlltool
configure:4862: result: no
configure:4892: checking how to associate runtime and link libraries
configure:4919: result: printf %s\n
configure:4980: checking for ar
configure:4996: found /usr/bin/ar
configure:5007: result: ar
configure:5044: checking for archiver @FILE support
configure:5061: gcc -c -g -O2  conftest.c >&5
configure:5061: $? = 0
configure:5064: ar cru libconftest.a @conftest.lst >&5
configure:5067: $? = 0
configure:5072: ar cru libconftest.a @conftest.lst >&5
ar: conftest.o: No such file or directory
configure:5075: $? = 1
configure:5087: result: @
configure:5145: checking for strip
configure:5161: found /usr/bin/strip
configure:5172: result: strip
configure:5244: checking for ranlib
configure:5260: found /usr/bin/ranlib
configure:5271: result: ranlib
configure:5348: checking for gawk
configure:5364: found /usr/bin/gawk
configure:5375: result: gawk
configure:5415: checking command to parse /usr/bin/nm -B output from gcc object
configure:5535: gcc -c -g -O2  conftest.c >&5
configure:5538: $? = 0
configure:5542: /usr/bin/nm -B conftest.o \| sed -n -e 's/^.*[ ]\([ABCDGIRSTW][ABCDGIRSTW]*\)[ ][ ]*\([_A-Za-z][_A-Za-z0-9]*\)$/\1 \2 \2/p' | sed '/ __gnu_lto/d' \> conftest.nm
configure:5545: $? = 0
configure:5611: gcc -o conftest -g -O2   conftest.c conftstm.o >&5
configure:5614: $? = 0
configure:5652: result: ok
configure:5689: checking for sysroot
configure:5719: result: no
configure:5796: gcc -c -g -O2  conftest.c >&5
configure:5799: $? = 0
configure:5975: checking for mt
configure:5991: found /bin/mt
configure:6002: result: mt
configure:6025: checking if mt is a manifest tool
configure:6031: mt '-?'
configure:6039: result: no
configure:6681: checking how to run the C preprocessor
configure:6712: gcc -E  conftest.c
configure:6712: $? = 0
configure:6726: gcc -E  conftest.c
conftest.c:9:28: fatal error: ac_nonexistent.h: No such file or directory
 #include <ac_nonexistent.h>
                            ^
compilation terminated.
configure:6726: $? = 1
configure: failed program was:
| /* confdefs.h */
| #define PACKAGE_NAME "Xdelta3"
| #define PACKAGE_TARNAME "xdelta3"
| #define PACKAGE_VERSION "3.0.8"
| #define PACKAGE_STRING "Xdelta3 3.0.8"
| #define PACKAGE_BUGREPORT "josh.macdonald@gmail.com"
| #define PACKAGE_URL "http://xdelta.org/"
| /* end confdefs.h.  */
| #include <ac_nonexistent.h>
configure:6751: result: gcc -E
configure:6771: gcc -E  conftest.c
configure:6771: $? = 0
configure:6785: gcc -E  conftest.c
conftest.c:9:28: fatal error: ac_nonexistent.h: No such file or directory
 #include <ac_nonexistent.h>
                            ^
compilation terminated.
configure:6785: $? = 1
configure: failed program was:
| /* confdefs.h */
| #define PACKAGE_NAME "Xdelta3"
| #define PACKAGE_TARNAME "xdelta3"
| #define PACKAGE_VERSION "3.0.8"
| #define PACKAGE_STRING "Xdelta3 3.0.8"
| #define PACKAGE_BUGREPORT "josh.macdonald@gmail.com"
| #define PACKAGE_URL "http://xdelta.org/"
| /* end confdefs.h.  */
| #include <ac_nonexistent.h>
configure:6814: checking for ANSI C header files
configure:6834: gcc -c -g -O2  conftest.c >&5
configure:6834: $? = 0
configure:6907: gcc -o conftest -g -O2   conftest.c  >&5
configure:6907: $? = 0
configure:6907: ./conftest
configure:6907: $? = 0
configure:6918: result: yes
configure:6931: checking for sys/types.h
configure:6931: gcc -c -g -O2  conftest.c >&5
configure:6931: $? = 0
configure:6931: result: yes
configure:6931: checking for sys/stat.h
configure:6931: gcc -c -g -O2  conftest.c >&5
configure:6931: $? = 0
configure:6931: result: yes
configure:6931: checking for stdlib.h
configure:6931: gcc -c -g -O2  conftest.c >&5
configure:6931: $? = 0
configure:6931: result: yes
configure:6931: checking for string.h
configure:6931: gcc -c -g -O2  conftest.c >&5
configure:6931: $? = 0
configure:6931: result: yes
configure:6931: checking for memory.h
configure:6931: gcc -c -g -O2  conftest.c >&5
configure:6931: $? = 0
configure:6931: result: yes
configure:6931: checking for strings.h
configure:6931: gcc -c -g -O2  conftest.c >&5
configure:6931: $? = 0
configure:6931: result: yes
configure:6931: checking for inttypes.h
configure:6931: gcc -c -g -O2  conftest.c >&5
configure:6931: $? = 0
configure:6931: result: yes
configure:6931: checking for stdint.h
configure:6931: gcc -c -g -O2  conftest.c >&5
configure:6931: $? = 0
configure:6931: result: yes
configure:6931: checking for unistd.h
configure:6931: gcc -c -g -O2  conftest.c >&5
configure:6931: $? = 0
configure:6931: result: yes
configure:6945: checking for dlfcn.h
configure:6945: gcc -c -g -O2  conftest.c >&5
configure:6945: $? = 0
configure:6945: result: yes
configure:7151: checking for objdir
configure:7166: result: .libs
configure:7437: checking if gcc supports -fno-rtti -fno-exceptions
configure:7455: gcc -c -g -O2  -fno-rtti -fno-exceptions conftest.c >&5
cc1: warning: command line option '-fno-rtti' is valid for C++/ObjC++ but not for C [enabled by default]
configure:7459: $? = 0
configure:7472: result: no
configure:7799: checking for gcc option to produce PIC
configure:7806: result: -fPIC -DPIC
configure:7814: checking if gcc PIC flag -fPIC -DPIC works
configure:7832: gcc -c -g -O2  -fPIC -DPIC -DPIC conftest.c >&5
configure:7836: $? = 0
configure:7849: result: yes
configure:7878: checking if gcc static flag -static works
configure:7906: result: yes
configure:7921: checking if gcc supports -c -o file.o
configure:7942: gcc -c -g -O2  -o out/conftest2.o conftest.c >&5
configure:7946: $? = 0
configure:7968: result: yes
configure:7976: checking if gcc supports -c -o file.o
configure:8023: result: yes
configure:8056: checking whether the gcc linker (/usr/bin/ld -m elf_x86_64) supports shared libraries
configure:9209: result: yes
configure:9246: checking whether -lc should be explicitly linked in
configure:9254: gcc -c -g -O2  conftest.c >&5
configure:9257: $? = 0
configure:9272: gcc -shared  -fPIC -DPIC conftest.o  -v -Wl,-soname -Wl,conftest -o conftest 2\>\&1 \| /bin/grep  -lc  \>/dev/null 2\>\&1
configure:9275: $? = 0
configure:9289: result: no
configure:9449: checking dynamic linker characteristics
configure:9973: gcc -o conftest -g -O2   -Wl,-rpath -Wl,/foo conftest.c  >&5
configure:9973: $? = 0
configure:10195: result: GNU/Linux ld.so
configure:10302: checking how to hardcode library paths into programs
configure:10327: result: immediate
configure:10867: checking whether stripping libraries is possible
configure:10872: result: yes
configure:10907: checking if libtool supports shared libraries
configure:10909: result: yes
configure:10912: checking whether to build shared libraries
configure:10933: result: yes
configure:10936: checking whether to build static libraries
configure:10940: result: yes
configure:10993: checking for a BSD-compatible install
configure:11061: result: /usr/bin/install -c
configure:11072: checking whether build environment is sane
configure:11127: result: yes
configure:11278: checking for a thread-safe mkdir -p
configure:11317: result: /bin/mkdir -p
configure:11320: checking whether make sets $(MAKE)
configure:11342: result: yes
configure:11372: checking for style of include used by make
configure:11400: result: GNU
configure:11477: checking how to create a ustar tar archive
configure:11490: tar --version
tar (GNU tar) 1.27.1
Copyright (C) 2013 Free Software Foundation, Inc.
License GPLv3+: GNU GPL version 3 or later <http://gnu.org/licenses/gpl.html>.
This is free software: you are free to change and redistribute it.
There is NO WARRANTY, to the extent permitted by law.

Written by John Gilmore and Jay Fenlason.
configure:11493: $? = 0
configure:11533: tardir=conftest.dir && eval tar --format=ustar -chf - "$tardir" >conftest.tar
configure:11536: $? = 0
configure:11540: tar -xf - <conftest.tar
configure:11543: $? = 0
configure:11556: result: gnutar
configure:11564: checking dependency style of gcc
configure:11675: result: gcc3
configure:11692: checking if pointers to integers require aligned access
configure:11722: gcc -o conftest -g -O2   conftest.c  >&5
conftest.c: In function 'main':
conftest.c:29:33: error: expected expression before '[' token
   for (i=0; i < 40; i++) string[[i]] = i;
                                 ^
configure:11722: $? = 1
configure: program exited with status 1
configure: failed program was:
| /* confdefs.h */
| #define PACKAGE_NAME "Xdelta3"
| #define PACKAGE_TARNAME "xdelta3"
| #define PACKAGE_VERSION "3.0.8"
| #define PACKAGE_STRING "Xdelta3 3.0.8"
| #define PACKAGE_BUGREPORT "josh.macdonald@gmail.com"
| #define PACKAGE_URL "http://xdelta.org/"
| #define STDC_HEADERS 1
| #define HAVE_SYS_TYPES_H 1
| #define HAVE_SYS_STAT_H 1
| #define HAVE_STDLIB_H 1
| #define HAVE_STRING_H 1
| #define HAVE_MEMORY_H 1
| #define HAVE_STRINGS_H 1
| #define HAVE_INTTYPES_H 1
| #define HAVE_STDINT_H 1
| #define HAVE_UNISTD_H 1
| #define HAVE_DLFCN_H 1
| #define LT_OBJDIR ".libs/"
| /* end confdefs.h.  */
| 
| #include <stdio.h>
| #include <stdlib.h>
| 
| int main()
| {
|   char* string = malloc(40);
|   int i;
|   for (i=0; i < 40; i++) string[[i]] = i;
|   {
|      void* s = string;
|      int* p = s+1;
|      int* q = s+2;
| 
|      if (*p == *q) { return 1; }
|   }
|   return 0;
| }
| 
configure:11733: result: no
configure:11789: checking for gcc
configure:11816: result: gcc
configure:12045: checking for C compiler version
configure:12054: gcc --version >&5
gcc (Ubuntu 4.8.2-19ubuntu1) 4.8.2
Copyright (C) 2013 Free Software Foundation, Inc.
This is free software; see the source for copying conditions.  There is NO
warranty; not even for MERCHANTABILITY or FITNESS FOR A PARTICULAR PURPOSE.

configure:12065: $? = 0
configure:12054: gcc -v >&5
Using built-in specs.
COLLECT_GCC=gcc
COLLECT_LTO_WRAPPER=/usr/lib/gcc/x86_64-linux-gnu/4.8/lto-wrapper
Target: x86_64-linux-gnu
Configured with: ../src/configure -v --with-pkgversion='Ubuntu 4.8.2-19ubuntu1' --with-bugurl=file:///usr/share/doc/gcc-4.8/README.Bugs --enable-languages=c,c++,java,go,d,fortran,objc,obj-c++ --prefix=/usr --program-suffix=-4.8 --enable-shared --enable-linker-build-id --libexecdir=/usr/lib --without-included-gettext --enable-threads=posix --with-gxx-include-dir=/usr/include/c++/4.8 --libdir=/usr/lib --enable-nls --with-sysroot=/ --enable-clocale=gnu --enable-libstdcxx-debug --enable-libstdcxx-time=yes --enable-gnu-unique-object --disable-libmudflap --enable-plugin --with-system-zlib --disable-browser-plugin --enable-java-awt=gtk --enable-gtk-cairo --with-java-home=/usr/lib/jvm/java-1.5.0-gcj-4.8-amd64/jre --enable-java-home --with-jvm-root-dir=/usr/lib/jvm/java-1.5.0-gcj-4.8-amd64 --with-jvm-jar-dir=/usr/lib/jvm-exports/java-1.5.0-gcj-4.8-amd64 --with-arch-directory=amd64 --with-ecj-jar=/usr/share/java/eclipse-ecj.jar --enable-objc-gc --enable-multiarch --disable-werror --with-arch-32=i686 --with-abi=m64 --with-multilib-list=m32,m64,mx32 --with-tune=generic --enable-checking=release --build=x86_64-linux-gnu --host=x86_64-linux-gnu --target=x86_64-linux-gnu
Thread model: posix
gcc version 4.8.2 (Ubuntu 4.8.2-19ubuntu1) 
configure:12065: $? = 0
configure:12054: gcc -V >&5
gcc: error: unrecognized command line option '-V'
gcc: fatal error: no input files
compilation terminated.
configure:12065: $? = 4
configure:12054: gcc -qversion >&5
gcc: error: unrecognized command line option '-qversion'
gcc: fatal error: no input files
compilation terminated.
configure:12065: $? = 4
configure:12069: checking whether we are using the GNU C compiler
configure:12097: result: yes
configure:12106: checking whether gcc accepts -g
configure:12167: result: yes
configure:12184: checking for gcc option to accept ISO C89
configure:12260: result: none needed
configure:12338: checking for g++
configure:12354: found /usr/bin/g++
configure:12365: result: g++
configure:12392: checking for C++ compiler version
configure:12401: g++ --version >&5
g++ (Ubuntu 4.8.2-19ubuntu1) 4.8.2
Copyright (C) 2013 Free Software Foundation, Inc.
This is free software; see the source for copying conditions.  There is NO
warranty; not even for MERCHANTABILITY or FITNESS FOR A PARTICULAR PURPOSE.

configure:12412: $? = 0
configure:12401: g++ -v >&5
Using built-in specs.
COLLECT_GCC=g++
COLLECT_LTO_WRAPPER=/usr/lib/gcc/x86_64-linux-gnu/4.8/lto-wrapper
Target: x86_64-linux-gnu
Configured with: ../src/configure -v --with-pkgversion='Ubuntu 4.8.2-19ubuntu1' --with-bugurl=file:///usr/share/doc/gcc-4.8/README.Bugs --enable-languages=c,c++,java,go,d,fortran,objc,obj-c++ --prefix=/usr --program-suffix=-4.8 --enable-shared --enable-linker-build-id --libexecdir=/usr/lib --without-included-gettext --enable-threads=posix --with-gxx-include-dir=/usr/include/c++/4.8 --libdir=/usr/lib --enable-nls --with-sysroot=/ --enable-clocale=gnu --enable-libstdcxx-debug --enable-libstdcxx-time=yes --enable-gnu-unique-object --disable-libmudflap --enable-plugin --with-system-zlib --disable-browser-plugin --enable-java-awt=gtk --enable-gtk-cairo --with-java-home=/usr/lib/jvm/java-1.5.0-gcj-4.8-amd64/jre --enable-java-home --with-jvm-root-dir=/usr/lib/jvm/java-1.5.0-gcj-4.8-amd64 --with-jvm-jar-dir=/usr/lib/jvm-exports/java-1.5.0-gcj-4.8-amd64 --with-arch-directory=amd64 --with-ecj-jar=/usr/share/java/eclipse-ecj.jar --enable-objc-gc --enable-multiarch --disable-werror --with-arch-32=i686 --with-abi=m64 --with-multilib-list=m32,m64,mx32 --with-tune=generic --enable-checking=release --build=x86_64-linux-gnu --host=x86_64-linux-gnu --target=x86_64-linux-gnu
Thread model: posix
gcc version 4.8.2 (Ubuntu 4.8.2-19ubuntu1) 
configure:12412: $? = 0
configure:12401: g++ -V >&5
g++: error: unrecognized command line option '-V'
g++: fatal error: no input files
compilation terminated.
configure:12412: $? = 4
configure:12401: g++ -qversion >&5
g++: error: unrecognized command line option '-qversion'
g++: fatal error: no input files
compilation terminated.
configure:12412: $? = 4
configure:12416: checking whether we are using the GNU C++ compiler
configure:12435: g++ -c   conftest.cpp >&5
configure:12435: $? = 0
configure:12444: result: yes
configure:12453: checking whether g++ accepts -g
configure:12473: g++ -c -g  conftest.cpp >&5
configure:12473: $? = 0
configure:12514: result: yes
configure:12555: checking how to run the C++ preprocessor
configure:12582: g++ -E  conftest.cpp
configure:12582: $? = 0
configure:12596: g++ -E  conftest.cpp
conftest.cpp:21:28: fatal error: ac_nonexistent.h: No such file or directory
 #include <ac_nonexistent.h>
                            ^
compilation terminated.
configure:12596: $? = 1
configure: failed program was:
| /* confdefs.h */
| #define PACKAGE_NAME "Xdelta3"
| #define PACKAGE_TARNAME "xdelta3"
| #define PACKAGE_VERSION "3.0.8"
| #define PACKAGE_STRING "Xdelta3 3.0.8"
| #define PACKAGE_BUGREPORT "josh.macdonald@gmail.com"
| #define PACKAGE_URL "http://xdelta.org/"
| #define STDC_HEADERS 1
| #define HAVE_SYS_TYPES_H 1
| #define HAVE_SYS_STAT_H 1
| #define HAVE_STDLIB_H 1
| #define HAVE_STRING_H 1
| #define HAVE_MEMORY_H 1
| #define HAVE_STRINGS_H 1
| #define HAVE_INTTYPES_H 1
| #define HAVE_STDINT_H 1
| #define HAVE_UNISTD_H 1
| #define HAVE_DLFCN_H 1
| #define LT_OBJDIR ".libs/"
| /* end confdefs.h.  */
| #include <ac_nonexistent.h>
configure:12621: result: g++ -E
configure:12641: g++ -E  conftest.cpp
configure:12641: $? = 0
configure:12655: g++ -E  conftest.cpp
conftest.cpp:21:28: fatal error: ac_nonexistent.h: No such file or directory
 #include <ac_nonexistent.h>
                            ^
compilation terminated.
configure:12655: $? = 1
configure: failed program was:
| /* confdefs.h */
| #define PACKAGE_NAME "Xdelta3"
| #define PACKAGE_TARNAME "xdelta3"
| #define PACKAGE_VERSION "3.0.8"
| #define PACKAGE_STRING "Xdelta3 3.0.8"
| #define PACKAGE_BUGREPORT "josh.macdonald@gmail.com"
| #define PACKAGE_URL "http://xdelta.org/"
| #define STDC_HEADERS 1
| #define HAVE_SYS_TYPES_H 1
| #define HAVE_SYS_STAT_H 1
| #define HAVE_STDLIB_H 1
| #define HAVE_STRING_H 1
| #define HAVE_MEMORY_H 1
| #define HAVE_STRINGS_H 1
| #define HAVE_INTTYPES_H 1
| #define HAVE_STDINT_H 1
| #define HAVE_UNISTD_H 1
| #define HAVE_DLFCN_H 1
| #define LT_OBJDIR ".libs/"
| /* end confdefs.h.  */
| #include <ac_nonexistent.h>
configure:12824: checking for ld used by g++
configure:12891: result: /usr/bin/ld -m elf_x86_64
configure:12898: checking if the linker (/usr/bin/ld -m elf_x86_64) is GNU ld
configure:12913: result: yes
configure:12968: checking whether the g++ linker (/usr/bin/ld -m elf_x86_64) supports shared libraries
configure:13973: result: yes
configure:14009: g++ -c -g -O2  conftest.cpp >&5
configure:14012: $? = 0
configure:14532: checking for g++ option to produce PIC
configure:14539: result: -fPIC -DPIC
configure:14547: checking if g++ PIC flag -fPIC -DPIC works
configure:14565: g++ -c -g -O2  -fPIC -DPIC -DPIC conftest.cpp >&5
configure:14569: $? = 0
configure:14582: result: yes
configure:14605: checking if g++ static flag -static works
configure:14633: result: yes
configure:14645: checking if g++ supports -c -o file.o
configure:14666: g++ -c -g -O2  -o out/conftest2.o conftest.cpp >&5
configure:14670: $? = 0
configure:14692: result: yes
configure:14697: checking if g++ supports -c -o file.o
configure:14744: result: yes
configure:14774: checking whether the g++ linker (/usr/bin/ld -m elf_x86_64) supports shared libraries
configure:14810: result: yes
configure:14951: checking dynamic linker characteristics
configure:15631: result: GNU/Linux ld.so
configure:15684: checking how to hardcode library paths into programs
configure:15709: result: immediate
configure:15751: checking dependency style of g++
configure:15862: result: gcc3
configure:15879: checking lzma.h usability
configure:15879: gcc -c -g -O2  conftest.c >&5
conftest.c:54:18: fatal error: lzma.h: No such file or directory
 #include <lzma.h>
                  ^
compilation terminated.
configure:15879: $? = 1
configure: failed program was:
| /* confdefs.h */
| #define PACKAGE_NAME "Xdelta3"
| #define PACKAGE_TARNAME "xdelta3"
| #define PACKAGE_VERSION "3.0.8"
| #define PACKAGE_STRING "Xdelta3 3.0.8"
| #define PACKAGE_BUGREPORT "josh.macdonald@gmail.com"
| #define PACKAGE_URL "http://xdelta.org/"
| #define STDC_HEADERS 1
| #define HAVE_SYS_TYPES_H 1
| #define HAVE_SYS_STAT_H 1
| #define HAVE_STDLIB_H 1
| #define HAVE_STRING_H 1
| #define HAVE_MEMORY_H 1
| #define HAVE_STRINGS_H 1
| #define HAVE_INTTYPES_H 1
| #define HAVE_STDINT_H 1
| #define HAVE_UNISTD_H 1
| #define HAVE_DLFCN_H 1
| #define LT_OBJDIR ".libs/"
| /* end confdefs.h.  */
| #include <stdio.h>
| #ifdef HAVE_SYS_TYPES_H
| # include <sys/types.h>
| #endif
| #ifdef HAVE_SYS_STAT_H
| # include <sys/stat.h>
| #endif
| #ifdef STDC_HEADERS
| # include <stdlib.h>
| # include <stddef.h>
| #else
| # ifdef HAVE_STDLIB_H
| #  include <stdlib.h>
| # endif
| #endif
| #ifdef HAVE_STRING_H
| # if !defined STDC_HEADERS && defined HAVE_MEMORY_H
| #  include <memory.h>
| # endif
| # include <string.h>
| #endif
| #ifdef HAVE_STRINGS_H
| # include <strings.h>
| #endif
| #ifdef HAVE_INTTYPES_H
| # include <inttypes.h>
| #endif
| #ifdef HAVE_STDINT_H
| # include <stdint.h>
| #endif
| #ifdef HAVE_UNISTD_H
| # include <unistd.h>
| #endif
| #include <lzma.h>
configure:15879: result: no
configure:15879: checking lzma.h presence
configure:15879: gcc -E  conftest.c
conftest.c:21:18: fatal error: lzma.h: No such file or directory
 #include <lzma.h>
                  ^
compilation terminated.
configure:15879: $? = 1
configure: failed program was:
| /* confdefs.h */
| #define PACKAGE_NAME "Xdelta3"
| #define PACKAGE_TARNAME "xdelta3"
| #define PACKAGE_VERSION "3.0.8"
| #define PACKAGE_STRING "Xdelta3 3.0.8"
| #define PACKAGE_BUGREPORT "josh.macdonald@gmail.com"
| #define PACKAGE_URL "http://xdelta.org/"
| #define STDC_HEADERS 1
| #define HAVE_SYS_TYPES_H 1
| #define HAVE_SYS_STAT_H 1
| #define HAVE_STDLIB_H 1
| #define HAVE_STRING_H 1
| #define HAVE_MEMORY_H 1
| #define HAVE_STRINGS_H 1
| #define HAVE_INTTYPES_H 1
| #define HAVE_STDINT_H 1
| #define HAVE_UNISTD_H 1
| #define HAVE_DLFCN_H 1
| #define LT_OBJDIR ".libs/"
| /* end confdefs.h.  */
| #include <lzma.h>
configure:15879: result: no
configure:15879: checking for lzma.h
configure:15879: result: no
configure:15889: checking for lzma_easy_buffer_encode in -llzma
configure:15914: gcc -o conftest -g -O2   conftest.c -llzma   >&5
/usr/bin/ld: cannot find -llzma
collect2: error: ld returned 1 exit status
configure:15914: $? = 1
configure: failed program was:
| /* confdefs.h */
| #define PACKAGE_NAME "Xdelta3"
| #define PACKAGE_TARNAME "xdelta3"
| #define PACKAGE_VERSION "3.0.8"
| #define PACKAGE_STRING "Xdelta3 3.0.8"
| #define PACKAGE_BUGREPORT "josh.macdonald@gmail.com"
| #define PACKAGE_URL "http://xdelta.org/"
| #define STDC_HEADERS 1
| #define HAVE_SYS_TYPES_H 1
| #define HAVE_SYS_STAT_H 1
| #define HAVE_STDLIB_H 1
| #define HAVE_STRING_H 1
| #define HAVE_MEMORY_H 1
| #define HAVE_STRINGS_H 1
| #define HAVE_INTTYPES_H 1
| #define HAVE_STDINT_H 1
| #define HAVE_UNISTD_H 1
| #define HAVE_DLFCN_H 1
| #define LT_OBJDIR ".libs/"
| /* end confdefs.h.  */
| 
| /* Override any GCC internal prototype to avoid an error.
|    Use char because int might match the return type of a GCC
|    builtin and then its argument prototype would still apply.  */
| #ifdef __cplusplus
| extern "C"
| #endif
| char lzma_easy_buffer_encode ();
| int
| main ()
| {
| return lzma_easy_buffer_encode ();
|   ;
|   return 0;
| }
configure:15923: result: no
configure:15938: checking size of size_t
configure:15943: gcc -o conftest -g -O2   conftest.c  >&5
configure:15943: $? = 0
configure:15943: ./conftest
configure:15943: $? = 0
configure:15957: result: 8
configure:16102: checking that generated files are newer than configure
configure:16108: result: done
configure:16139: creating ./config.status

## ---------------------- ##
## Running config.status. ##
## ---------------------- ##

This file was extended by Xdelta3 config.status 3.0.8, which was
generated by GNU Autoconf 2.69.  Invocation command line was

  CONFIG_FILES    = 
  CONFIG_HEADERS  = 
  CONFIG_LINKS    = 
  CONFIG_COMMANDS = 
  $ ./config.status 

on mint-builder

config.status:1141: creating Makefile
config.status:1141: creating config.h
config.status:1370: executing libtool commands
config.status:1370: executing depfiles commands

## ---------------- ##
## Cache variables. ##
## ---------------- ##

ac_cv_build=x86_64-unknown-linux-gnu
ac_cv_c_compiler_gnu=yes
ac_cv_cxx_compiler_gnu=yes
ac_cv_env_CCC_set=
ac_cv_env_CCC_value=
ac_cv_env_CC_set=
ac_cv_env_CC_value=
ac_cv_env_CFLAGS_set=
ac_cv_env_CFLAGS_value=
ac_cv_env_CPPFLAGS_set=
ac_cv_env_CPPFLAGS_value=
ac_cv_env_CPP_set=
ac_cv_env_CPP_value=
ac_cv_env_CXXCPP_set=
ac_cv_env_CXXCPP_value=
ac_cv_env_CXXFLAGS_set=
ac_cv_env_CXXFLAGS_value=
ac_cv_env_CXX_set=
ac_cv_env_CXX_value=
ac_cv_env_LDFLAGS_set=
ac_cv_env_LDFLAGS_value=
ac_cv_env_LIBS_set=
ac_cv_env_LIBS_value=
ac_cv_env_build_alias_set=
ac_cv_env_build_alias_value=
ac_cv_env_host_alias_set=
ac_cv_env_host_alias_value=
ac_cv_env_target_alias_set=
ac_cv_env_target_alias_value=
ac_cv_header_dlfcn_h=yes
ac_cv_header_inttypes_h=yes
ac_cv_header_lzma_h=no
ac_cv_header_memory_h=yes
ac_cv_header_stdc=yes
ac_cv_header_stdint_h=yes
ac_cv_header_stdlib_h=yes
ac_cv_header_string_h=yes
ac_cv_header_strings_h=yes
ac_cv_header_sys_stat_h=yes
ac_cv_header_sys_types_h=yes
ac_cv_header_unistd_h=yes
ac_cv_host=x86_64-unknown-linux-gnu
ac_cv_lib_lzma_lzma_easy_buffer_encode=no
ac_cv_objext=o
ac_cv_path_EGREP='/bin/grep -E'
ac_cv_path_FGREP='/bin/grep -F'
ac_cv_path_GREP=/bin/grep
ac_cv_path_SED=/bin/sed
ac_cv_path_install='/usr/bin/install -c'
ac_cv_path_mkdir=/bin/mkdir
ac_cv_prog_AWK=gawk
ac_cv_prog_CPP='gcc -E'
ac_cv_prog_CXXCPP='g++ -E'
ac_cv_prog_ac_ct_AR=ar
ac_cv_prog_ac_ct_CC=gcc
ac_cv_prog_ac_ct_CXX=g++
ac_cv_prog_ac_ct_MANIFEST_TOOL=mt
ac_cv_prog_ac_ct_OBJDUMP=objdump
ac_cv_prog_ac_ct_RANLIB=ranlib
ac_cv_prog_ac_ct_STRIP=strip
ac_cv_prog_cc_c89=
ac_cv_prog_cc_g=yes
ac_cv_prog_cxx_g=yes
ac_cv_prog_make_make_set=yes
ac_cv_sizeof_size_t=8
am_cv_CC_dependencies_compiler_type=gcc3
am_cv_CXX_dependencies_compiler_type=gcc3
am_cv_prog_tar_ustar=gnutar
ax_cv_have_aligned_access_required=no
lt_cv_ar_at_file=@
lt_cv_archive_cmds_need_lc=no
lt_cv_deplibs_check_method=pass_all
lt_cv_file_magic_cmd='$MAGIC_CMD'
lt_cv_file_magic_test_file=
lt_cv_ld_reload_flag=-r
lt_cv_nm_interface='BSD nm'
lt_cv_objdir=.libs
lt_cv_path_LD=/usr/bin/ld
lt_cv_path_LDCXX='/usr/bin/ld -m elf_x86_64'
lt_cv_path_NM='/usr/bin/nm -B'
lt_cv_path_mainfest_tool=no
lt_cv_prog_compiler_c_o=yes
lt_cv_prog_compiler_c_o_CXX=yes
lt_cv_prog_compiler_pic='-fPIC -DPIC'
lt_cv_prog_compiler_pic_CXX='-fPIC -DPIC'
lt_cv_prog_compiler_pic_works=yes
lt_cv_prog_compiler_pic_works_CXX=yes
lt_cv_prog_compiler_rtti_exceptions=no
lt_cv_prog_compiler_static_works=yes
lt_cv_prog_compiler_static_works_CXX=yes
lt_cv_prog_gnu_ld=yes
lt_cv_prog_gnu_ldcxx=yes
lt_cv_sharedlib_from_linklib_cmd='printf %s\n'
lt_cv_shlibpath_overrides_runpath=no
lt_cv_sys_global_symbol_pipe='sed -n -e '\''s/^.*[	 ]\([ABCDGIRSTW][ABCDGIRSTW]*\)[	 ][	 ]*\([_A-Za-z][_A-Za-z0-9]*\)$/\1 \2 \2/p'\'' | sed '\''/ __gnu_lto/d'\'''
lt_cv_sys_global_symbol_to_c_name_address='sed -n -e '\''s/^: \([^ ]*\)[ ]*$/  {\"\1\", (void *) 0},/p'\'' -e '\''s/^[ABCDGIRSTW]* \([^ ]*\) \([^ ]*\)$/  {"\2", (void *) \&\2},/p'\'''
lt_cv_sys_global_symbol_to_c_name_address_lib_prefix='sed -n -e '\''s/^: \([^ ]*\)[ ]*$/  {\"\1\", (void *) 0},/p'\'' -e '\''s/^[ABCDGIRSTW]* \([^ ]*\) \(lib[^ ]*\)$/  {"\2", (void *) \&\2},/p'\'' -e '\''s/^[ABCDGIRSTW]* \([^ ]*\) \([^ ]*\)$/  {"lib\2", (void *) \&\2},/p'\'''
lt_cv_sys_global_symbol_to_cdecl='sed -n -e '\''s/^T .* \(.*\)$/extern int \1();/p'\'' -e '\''s/^[ABCDGIRSTW]* .* \(.*\)$/extern char \1;/p'\'''
lt_cv_sys_max_cmd_len=1572864
lt_cv_to_host_file_cmd=func_convert_file_noop
lt_cv_to_tool_file_cmd=func_convert_file_noop

## ----------------- ##
## Output variables. ##
## ----------------- ##

ACLOCAL='${SHELL} /home/chrono/xdelta/xdelta3/1/xdelta3-3.0.8/missing --run aclocal-1.12'
AMDEPBACKSLASH='\'
AMDEP_FALSE='#'
AMDEP_TRUE=''
AMTAR='$${TAR-tar}'
AR='ar'
AUTOCONF='${SHELL} /home/chrono/xdelta/xdelta3/1/xdelta3-3.0.8/missing --run autoconf'
AUTOHEADER='${SHELL} /home/chrono/xdelta/xdelta3/1/xdelta3-3.0.8/missing --run autoheader'
AUTOMAKE='${SHELL} /home/chrono/xdelta/xdelta3/1/xdelta3-3.0.8/missing --run automake-1.12'
AWK='gawk'
CC='gcc'
CCDEPMODE='depmode=gcc3'
CFLAGS='-g -O2'
CPP='gcc -E'
CPPFLAGS=''
CXX='g++'
CXXCPP='g++ -E'
CXXDEPMODE='depmode=gcc3'
CXXFLAGS='-g -O2'
CYGPATH_W='echo'
DEBUG_SYMBOLS_FALSE=''
DEBUG_SYMBOLS_TRUE='#'
DEFS='-DHAVE_CONFIG_H'
DEPDIR='.deps'
DLLTOOL='false'
DSYMUTIL=''
DUMPBIN=''
ECHO_C=''
ECHO_N='-n'
ECHO_T=''
EGREP='/bin/grep -E'
EXEEXT=''
FGREP='/bin/grep -F'
GREP='/bin/grep'
INSTALL_DATA='${INSTALL} -m 644'
INSTALL_PROGRAM='${INSTALL}'
INSTALL_SCRIPT='${INSTALL}'
INSTALL_STRIP_PROGRAM='$(install_sh) -c -s'
LD='/usr/bin/ld -m elf_x86_64'
LDFLAGS=''
LIBOBJS=''
LIBS=''
LIBTOOL='$(SHELL) $(top_builddir)/libtool'
LIPO=''
LN_S='ln -s'
LTLIBOBJS=''
MAKEINFO='${SHELL} /home/chrono/xdelta/xdelta3/1/xdelta3-3.0.8/missing --run makeinfo'
MANIFEST_TOOL=':'
MKDIR_P='/bin/mkdir -p'
NM='/usr/bin/nm -B'
NMEDIT=''
OBJDUMP='objdump'
OBJEXT='o'
OTOOL64=''
OTOOL=''
PACKAGE='xdelta3'
PACKAGE_BUGREPORT='josh.macdonald@gmail.com'
PACKAGE_NAME='Xdelta3'
PACKAGE_STRING='Xdelta3 3.0.8'
PACKAGE_TARNAME='xdelta3'
PACKAGE_URL='http://xdelta.org/'
PACKAGE_VERSION='3.0.8'
PATH_SEPARATOR=':'
RANLIB='ranlib'
SED='/bin/sed'
SET_MAKE=''
SHELL='/bin/bash'
STRIP='strip'
VERSION='3.0.8'
ac_ct_AR='ar'
ac_ct_CC='gcc'
ac_ct_CXX='g++'
ac_ct_DUMPBIN=''
am__EXEEXT_FALSE=''
am__EXEEXT_TRUE='#'
am__fastdepCC_FALSE='#'
am__fastdepCC_TRUE=''
am__fastdepCXX_FALSE='#'
am__fastdepCXX_TRUE=''
am__include='include'
am__isrc=''
am__leading_dot='.'
am__nodep='_no'
am__quote=''
am__tar='tar --format=ustar -chf - "$$tardir"'
am__untar='tar -xf -'
bindir='${exec_prefix}/bin'
build='x86_64-unknown-linux-gnu'
build_alias=''
build_cpu='x86_64'
build_os='linux-gnu'
build_vendor='unknown'
datadir='${datarootdir}'
datarootdir='${prefix}/share'
docdir='${datarootdir}/doc/${PACKAGE_TARNAME}'
dvidir='${docdir}'
exec_prefix='${prefix}'
host='x86_64-unknown-linux-gnu'
host_alias=''
host_cpu='x86_64'
host_os='linux-gnu'
host_vendor='unknown'
htmldir='${docdir}'
includedir='${prefix}/include'
infodir='${datarootdir}/info'
install_sh='${SHELL} /home/chrono/xdelta/xdelta3/1/xdelta3-3.0.8/install-sh'
libdir='${exec_prefix}/lib'
libexecdir='${exec_prefix}/libexec'
localedir='${datarootdir}/locale'
localstatedir='${prefix}/var'
mandir='${datarootdir}/man'
mkdir_p='$(MKDIR_P)'
oldincludedir='/usr/include'
pdfdir='${docdir}'
prefix='/usr/local'
program_transform_name='s,x,x,'
psdir='${docdir}'
sbindir='${exec_prefix}/sbin'
sharedstatedir='${prefix}/com'
sysconfdir='${prefix}/etc'
target_alias=''

## ----------- ##
## confdefs.h. ##
## ----------- ##

/* confdefs.h */
#define PACKAGE_NAME "Xdelta3"
#define PACKAGE_TARNAME "xdelta3"
#define PACKAGE_VERSION "3.0.8"
#define PACKAGE_STRING "Xdelta3 3.0.8"
#define PACKAGE_BUGREPORT "josh.macdonald@gmail.com"
#define PACKAGE_URL "http://xdelta.org/"
#define STDC_HEADERS 1
#define HAVE_SYS_TYPES_H 1
#define HAVE_SYS_STAT_H 1
#define HAVE_STDLIB_H 1
#define HAVE_STRING_H 1
#define HAVE_MEMORY_H 1
#define HAVE_STRINGS_H 1
#define HAVE_INTTYPES_H 1
#define HAVE_STDINT_H 1
#define HAVE_UNISTD_H 1
#define HAVE_DLFCN_H 1
#define LT_OBJDIR ".libs/"
#define SIZEOF_SIZE_T 8

configure: exit 0
